<?xml version="1.0" encoding="UTF-8"?>
<!-- Generated by org.testng.reporters.JUnitReportReporter -->
<testsuite hostname="DESKTOP-BMPQ3OV" failures="0" tests="5" name="greens.miniProject.Minitest" time="6.336" errors="0" timestamp="2023-07-19T11:35:29 IST" skipped="0">
  <testcase classname="greens.miniProject.Minitest" name="nassertbalance" time="0.355"/>
  <system-out/>
  <testcase classname="greens.miniProject.Minitest" name="validatetransaction" time="1.925"/>
  <system-out/>
  <testcase classname="greens.miniProject.Minitest" name="login" time="2.068"/>
  <system-out/>
  <testcase classname="greens.miniProject.Minitest" name="mata" time="1.076"/>
  <system-out/>
  <testcase classname="greens.miniProject.Minitest" name="login" time="0.912"/>
  <system-out/>
</testsuite> <!-- greens.miniProject.Minitest -->
